\BOOKMARK [0][-]{chapter*.3}{Κατάλογος Σχημάτων}{}% 1
\BOOKMARK [0][-]{chapter*.4}{Κατάλογος Πινάκων}{}% 2
\BOOKMARK [0][-]{chapter*.4}{Πρόλογος}{}% 3
\BOOKMARK [0][-]{chapter.1}{Σύστημα και ενσωματωμένα συστήματα}{}% 4
\BOOKMARK [1][-]{section.1.1}{Εισαγωγή στις έννοιες συστημάτων και ενσωματωμένων}{chapter.1}% 5
\BOOKMARK [2][-]{subsection.1.1.1}{Σύστημα}{section.1.1}% 6
\BOOKMARK [2][-]{subsection.1.1.2}{Σύστημα Ενσωματωμένο}{section.1.1}% 7
\BOOKMARK [1][-]{section.1.2}{Η εξέλιξη των συστημάτων σήμερα}{chapter.1}% 8
\BOOKMARK [0][-]{chapter.2}{Μοντελοποίηση συστημάτων}{}% 9
\BOOKMARK [1][-]{section.2.1}{Εισαγωγή}{chapter.2}% 10
\BOOKMARK [1][-]{section.2.2}{Γραφική μοντελοποίηση συστημάτων}{chapter.2}% 11
\BOOKMARK [1][-]{section.2.3}{Μοντελοποίση και εφαρμογή σε πεδία ευρύτερα από του μηχανικού}{chapter.2}% 12
\BOOKMARK [2][-]{subsection.2.3.1}{Χρησιμοποίηση μοντέλων  για τον στρατηγικό σχεδιασμό της απόθεσης πυρηνικών αποβλήτων.}{section.2.3}% 13
\BOOKMARK [2][-]{subsection.2.3.2}{Ακμάζουσες MBSE μεθοδολογίες}{section.2.3}% 14
\BOOKMARK [0][-]{chapter.3}{Γλώσσες μοντελοποίησης συστημάτων}{}% 15
\BOOKMARK [1][-]{section.3.1}{AADL}{chapter.3}% 16
\BOOKMARK [1][-]{section.3.2}{MARTE}{chapter.3}% 17
\BOOKMARK [1][-]{section.3.3}{UPDM}{chapter.3}% 18
\BOOKMARK [1][-]{section.3.4}{AML}{chapter.3}% 19
\BOOKMARK [1][-]{section.3.5}{SLM}{chapter.3}% 20
\BOOKMARK [1][-]{section.3.6}{SLDL}{chapter.3}% 21
\BOOKMARK [1][-]{section.3.7}{Unified\040Modeling\040Language\040-\040UML}{chapter.3}% 22
\BOOKMARK [1][-]{section.3.8}{Systems\040Engineering\040Modelling\040Language\040-\040SysML}{chapter.3}% 23
\BOOKMARK [0][-]{chapter.4}{Γλώσσα SyML}{}% 24
\BOOKMARK [1][-]{section.4.1}{Εισαγωγή}{chapter.4}% 25
\BOOKMARK [1][-]{section.4.2}{Παρουσίαση διαγραμμάτων APracticalGuideToSysML}{chapter.4}% 26
\BOOKMARK [1][-]{section.4.3}{Λογισμικό υποστήριξης}{chapter.4}% 27
\BOOKMARK [1][-]{section.4.4}{Συσχετιζόμενες εργασίες}{chapter.4}% 28
\BOOKMARK [2][-]{subsection.4.4.1}{Σχεδίαση βάση εξομείωσης}{section.4.4}% 29
\BOOKMARK [2][-]{subsection.4.4.2}{SoC,\040SysML\040and\040SystemC}{section.4.4}% 30
\BOOKMARK [2][-]{subsection.4.4.3}{The\040processing\040system\040paradigm}{section.4.4}% 31
\BOOKMARK [2][-]{subsection.4.4.4}{Ανάπτυξη εργαλείων σύνδεσης διαφορετικών επιστημονικών πεδίων και Έρευνα στο μετασχηματισμό μοντέλων από το ένα εργαλείο στο άλλο.}{section.4.4}% 32
\BOOKMARK [0][-]{chapter.5}{Πρώτο πεδίο εφαρμογής : MPS®System}{}% 33
\BOOKMARK [1][-]{section.5.1}{Παρουσίαση του συστήματος}{chapter.5}% 34
\BOOKMARK [2][-]{subsection.5.1.1}{Σταθμός διανομής FestoMPSDistributionStationManual ΤοΦυσικόΣύστημαFestoMPS UMLΕνσωματωμέναΣυστήματα}{section.5.1}% 35
\BOOKMARK [2][-]{subsection.5.1.2}{Σταθμός ελέγχου FestoMPSTestingStationManual ΤοΦυσικόΣύστημαFestoMPS UMLΕνσωματωμέναΣυστήματα}{section.5.1}% 36
\BOOKMARK [2][-]{subsection.5.1.3}{Σταθμός επεξεργασίας FestoMPSProcessingStationManual ΤοΦυσικόΣύστημαFestoMPS UMLΕνσωματωμέναΣυστήματα}{section.5.1}% 37
\BOOKMARK [2][-]{subsection.5.1.4}{Σταθμός αποθήκευσης FestoMPSHandlingStationManual ΤοΦυσικόΣύστημαFestoMPS UMLΕνσωματωμέναΣυστήματα}{section.5.1}% 38
\BOOKMARK [1][-]{section.5.2}{Μοντελοποίηση του συστήματος}{chapter.5}% 39
\BOOKMARK [2][-]{subsection.5.2.1}{Μοντέλο Σύλληψης - Conception Model}{section.5.2}% 40
\BOOKMARK [2][-]{subsection.5.2.2}{Μοντέλο Ανάλυσης - Analysis Model}{section.5.2}% 41
\BOOKMARK [2][-]{subsection.5.2.3}{Μοντέλο Υλοποίησης - Implementation Model}{section.5.2}% 42
\BOOKMARK [2][-]{subsection.5.2.4}{Μοντέλο Συστήματος Ελέγχου}{section.5.2}% 43
\BOOKMARK [1][-]{section.5.3}{Έλεγχος του συστήματος ελέγχου του Festo MPS}{chapter.5}% 44
\BOOKMARK [0][-]{chapter.6}{Δεύτερο πεδίο εφαρμογής : Takos System}{}% 45
\BOOKMARK [0][-]{chapter.7}{Συμπεράσματα}{}% 46
\BOOKMARK [1][-]{section.7.1}{Συμφωνούμε με τα παρακάτω}{chapter.7}% 47
\BOOKMARK [1][-]{section.7.2}{Σχεδίαση βάση εξομείωσης}{chapter.7}% 48
\BOOKMARK [1][-]{section.7.3}{SoC,\040SysML\040and\040SystemC}{chapter.7}% 49
\BOOKMARK [1][-]{section.7.4}{The\040processing\040system\040paradigm}{chapter.7}% 50
\BOOKMARK [1][-]{section.7.5}{Ανάπτυξη εργαλείων σύνδεσης διαφορετικών επιστημονικών πεδίων και Έρευνα στο μετασχηματισμό μοντέλων από το ένα εργαλείο στο άλλο.}{chapter.7}% 51
\BOOKMARK [0][-]{chapter.8}{Προοπτικές}{}% 52
\BOOKMARK [0][-]{section*.122}{Παραρτήματα}{}% 53
\BOOKMARK [0][-]{Παράρτημα.alph1.Alph1}{Festo MPS®System}{}% 54
\BOOKMARK [1][-]{section.alph1.Alph1.1}{Μοντέλο Σύλληψης - Conception Model}{Παράρτημα.alph1.Alph1}% 55
\BOOKMARK [2][-]{subsection.alph1.Alph1.1.1}{Χώρος υλοποίησης συστήματος - Contex}{section.alph1.Alph1.1}% 56
\BOOKMARK [2][-]{subsection.alph1.Alph1.1.2}{Πακέτο απαιτήσεων - Requirements package}{section.alph1.Alph1.1}% 57
\BOOKMARK [2][-]{subsection.alph1.Alph1.1.3}{Πακέτο δομής - Structure package}{section.alph1.Alph1.1}% 58
\BOOKMARK [2][-]{subsection.alph1.Alph1.1.4}{Πακέτο λειτουργίας - Behaviour package}{section.alph1.Alph1.1}% 59
\BOOKMARK [1][-]{section.alph1.Alph1.2}{Μοντέλο Ανάλυσης - Analysis Model}{Παράρτημα.alph1.Alph1}% 60
\BOOKMARK [2][-]{subsection.alph1.Alph1.2.1}{Χώρος υλοποίησης συστήματος - Contex}{section.alph1.Alph1.2}% 61
\BOOKMARK [2][-]{subsection.alph1.Alph1.2.2}{Πακέτο απαιτήσεων - Requirements package}{section.alph1.Alph1.2}% 62
\BOOKMARK [2][-]{subsection.alph1.Alph1.2.3}{Πακέτο δομής - Structure package}{section.alph1.Alph1.2}% 63
\BOOKMARK [2][-]{subsection.alph1.Alph1.2.4}{Πακέτο λειτουργίας - Behaviour package}{section.alph1.Alph1.2}% 64
\BOOKMARK [1][-]{section.alph1.Alph1.3}{Μοντέλο Υλοποίησης -Design Model}{Παράρτημα.alph1.Alph1}% 65
\BOOKMARK [2][-]{subsection.alph1.Alph1.3.1}{Χώρος υλοποίησης συστήματος - Contex}{section.alph1.Alph1.3}% 66
\BOOKMARK [2][-]{subsection.alph1.Alph1.3.2}{Πακέτο απαιτήσεων - Requirements package}{section.alph1.Alph1.3}% 67
\BOOKMARK [2][-]{subsection.alph1.Alph1.3.3}{Πακέτο δομής - Structure package}{section.alph1.Alph1.3}% 68
\BOOKMARK [2][-]{subsection.alph1.Alph1.3.4}{Πακέτο λειτουργίας - Behaviour package}{section.alph1.Alph1.3}% 69
\BOOKMARK [1][-]{section.alph1.Alph1.4}{Εξομοιωτής Festo MPS®}{Παράρτημα.alph1.Alph1}% 70
\BOOKMARK [0][-]{Παράρτημα.alph1.Alph2}{Takos\040System}{}% 71
\BOOKMARK [1][-]{section.alph1.Alph2.1}{Takos\0401}{Παράρτημα.alph1.Alph2}% 72
\BOOKMARK [2][-]{subsection.alph1.Alph2.1.1}{Takos\0401.1}{section.alph1.Alph2.1}% 73
\BOOKMARK [0][-]{section*.129}{Ξενόγλωσση Βιβλιογραφία}{}% 74
\BOOKMARK [0][-]{section*.131}{Ελληνόγλωσση Βιβλιογραφία}{}% 75
\BOOKMARK [0][-]{section*.133}{Γλωσσάρι}{}% 76
\BOOKMARK [0][-]{section*.135}{Συντομογραφίες}{}% 77
\BOOKMARK [0][-]{section*.137}{Λεξικό αγγλικών όρων}{}% 78
\BOOKMARK [0][-]{section*.139}{Ευρετήριο}{}% 79
